# JRE version: OpenJDK Runtime Environment (17.0.11) (build 17.0.11+0--11852314)
# Java VM: OpenJDK 64-Bit Server VM (17.0.11+0--11852314, mixed mode, tiered, compressed oops, compressed class ptrs, g1 gc, windows-amd64)
GC Precious Log:
 CPUs: 8 total, 8 available
 Memory: 7502M
 Large Page Support: Disabled
 NUMA Support: Disabled
 Compressed Oops: Enabled (32-bit)
 Heap Region Size: 1M
 Heap Min Capacity: 8M
 Heap Initial Capacity: 118M
 Heap Max Capacity: 2G
 Pre-touch: Disabled
 Parallel Workers: 8
 Concurrent Workers: 2
 Concurrent Refinement Workers: 8
 Periodic GC: Disabled
Heap:
 garbage-first heap   total 128000K, used 75519K [0x0000000080000000, 0x0000000100000000)
  region size 1024K, 4 young (4096K), 4 survivors (4096K)
 Metaspace       used 62381K, committed 63040K, reserved 1114112K
  class space    used 8560K, committed 8896K, reserved 1048576K
GC Heap History (20 events):
Event: 13.594 GC heap after
{Heap after GC invocations=19 (full 0):
 garbage-first heap   total 91136K, used 47349K [0x0000000080000000, 0x0000000100000000)
  region size 1024K, 3 young (3072K), 3 survivors (3072K)
 Metaspace       used 45058K, committed 45440K, reserved 1114112K
  class space    used 6065K, committed 6272K, reserved 1048576K
}
Event: 15.528 GC heap before
{Heap before GC invocations=20 (full 0):
 garbage-first heap   total 92160K, used 74997K [0x0000000080000000, 0x0000000100000000)
  region size 1024K, 26 young (26624K), 3 survivors (3072K)
 Metaspace       used 48648K, committed 49152K, reserved 1114112K
  class space    used 6502K, committed 6720K, reserved 1048576K
}
Event: 15.536 GC heap after
{Heap after GC invocations=21 (full 0):
 garbage-first heap   total 92160K, used 49012K [0x0000000080000000, 0x0000000100000000)
  region size 1024K, 3 young (3072K), 3 survivors (3072K)
 Metaspace       used 48648K, committed 49152K, reserved 1114112K
  class space    used 6502K, committed 6720K, reserved 1048576K
}
Event: 16.679 GC heap before
{Heap before GC invocations=21 (full 0):
 garbage-first heap   total 92160K, used 71540K [0x0000000080000000, 0x0000000100000000)
  region size 1024K, 26 young (26624K), 3 survivors (3072K)
 Metaspace       used 50791K, committed 51200K, reserved 1114112K
  class space    used 6852K, committed 7040K, reserved 1048576K
}
Event: 16.687 GC heap after
{Heap after GC invocations=22 (full 0):
 garbage-first heap   total 92160K, used 52096K [0x0000000080000000, 0x0000000100000000)
  region size 1024K, 4 young (4096K), 4 survivors (4096K)
 Metaspace       used 50791K, committed 51200K, reserved 1114112K
  class space    used 6852K, committed 7040K, reserved 1048576K
}
Event: 16.841 GC heap before
{Heap before GC invocations=23 (full 0):
 garbage-first heap   total 97280K, used 55168K [0x0000000080000000, 0x0000000100000000)
  region size 1024K, 5 young (5120K), 4 survivors (4096K)
 Metaspace       used 50799K, committed 51200K, reserved 1114112K
  class space    used 6852K, committed 7040K, reserved 1048576K
}
Event: 16.846 GC heap after
{Heap after GC invocations=24 (full 0):
 garbage-first heap   total 97280K, used 55772K [0x0000000080000000, 0x0000000100000000)
  region size 1024K, 1 young (1024K), 1 survivors (1024K)
 Metaspace       used 50799K, committed 51200K, reserved 1114112K
  class space    used 6852K, committed 7040K, reserved 1048576K
}
Event: 17.529 GC heap before
{Heap before GC invocations=25 (full 0):
 garbage-first heap   total 106496K, used 67036K [0x0000000080000000, 0x0000000100000000)
  region size 1024K, 8 young (8192K), 1 survivors (1024K)
 Metaspace       used 51055K, committed 51520K, reserved 1114112K
  class space    used 6900K, committed 7104K, reserved 1048576K
}
Event: 17.534 GC heap after
{Heap after GC invocations=26 (full 0):
 garbage-first heap   total 106496K, used 62543K [0x0000000080000000, 0x0000000100000000)
  region size 1024K, 3 young (3072K), 3 survivors (3072K)
 Metaspace       used 51055K, committed 51520K, reserved 1114112K
  class space    used 6900K, committed 7104K, reserved 1048576K
}
Event: 17.883 GC heap before
{Heap before GC invocations=27 (full 0):
 garbage-first heap   total 117760K, used 71759K [0x0000000080000000, 0x0000000100000000)
  region size 1024K, 9 young (9216K), 3 survivors (3072K)
 Metaspace       used 51412K, committed 51904K, reserved 1114112K
  class space    used 6924K, committed 7104K, reserved 1048576K
}
Event: 17.887 GC heap after
{Heap after GC invocations=28 (full 0):
 garbage-first heap   total 117760K, used 69114K [0x0000000080000000, 0x0000000100000000)
  region size 1024K, 2 young (2048K), 2 survivors (2048K)
 Metaspace       used 51412K, committed 51904K, reserved 1114112K
  class space    used 6924K, committed 7104K, reserved 1048576K
}
Event: 18.604 GC heap before
{Heap before GC invocations=29 (full 0):
 garbage-first heap   total 122880K, used 86522K [0x0000000080000000, 0x0000000100000000)
  region size 1024K, 18 young (18432K), 2 survivors (2048K)
 Metaspace       used 53643K, committed 54208K, reserved 1114112K
  class space    used 7158K, committed 7424K, reserved 1048576K
}
Event: 18.607 GC heap after
{Heap after GC invocations=30 (full 0):
 garbage-first heap   total 122880K, used 69402K [0x0000000080000000, 0x0000000100000000)
  region size 1024K, 2 young (2048K), 2 survivors (2048K)
 Metaspace       used 53643K, committed 54208K, reserved 1114112K
  class space    used 7158K, committed 7424K, reserved 1048576K
}
Event: 19.015 GC heap before
{Heap before GC invocations=30 (full 0):
 garbage-first heap   total 122880K, used 89882K [0x0000000080000000, 0x0000000100000000)
  region size 1024K, 22 young (22528K), 2 survivors (2048K)
 Metaspace       used 54459K, committed 55104K, reserved 1114112K
  class space    used 7306K, committed 7616K, reserved 1048576K
}
Event: 19.021 GC heap after
{Heap after GC invocations=31 (full 0):
 garbage-first heap   total 122880K, used 70670K [0x0000000080000000, 0x0000000100000000)
  region size 1024K, 3 young (3072K), 3 survivors (3072K)
 Metaspace       used 54459K, committed 55104K, reserved 1114112K
  class space    used 7306K, committed 7616K, reserved 1048576K
}
Event: 19.770 GC heap before
{Heap before GC invocations=32 (full 0):
 garbage-first heap   total 122880K, used 92174K [0x0000000080000000, 0x0000000100000000)
  region size 1024K, 24 young (24576K), 3 survivors (3072K)
 Metaspace       used 57256K, committed 57920K, reserved 1114112K
  class space    used 7742K, committed 8064K, reserved 1048576K
}
Event: 19.775 GC heap after
{Heap after GC invocations=33 (full 0):
 garbage-first heap   total 122880K, used 71991K [0x0000000080000000, 0x0000000100000000)
  region size 1024K, 3 young (3072K), 3 survivors (3072K)
 Metaspace       used 57256K, committed 57920K, reserved 1114112K
  class space    used 7742K, committed 8064K, reserved 1048576K
}
Event: 20.438 GC heap before
{Heap before GC invocations=33 (full 0):
 garbage-first heap   total 122880K, used 94519K [0x0000000080000000, 0x0000000100000000)
  region size 1024K, 25 young (25600K), 3 survivors (3072K)
 Metaspace       used 59324K, committed 59904K, reserved 1114112K
  class space    used 8120K, committed 8384K, reserved 1048576K
}
Event: 20.444 GC heap after
{Heap after GC invocations=34 (full 0):
 garbage-first heap   total 122880K, used 73711K [0x0000000080000000, 0x0000000100000000)
  region size 1024K, 3 young (3072K), 3 survivors (3072K)
 Metaspace       used 59324K, committed 59904K, reserved 1114112K
  class space    used 8120K, committed 8384K, reserved 1048576K
}
Event: 21.213 GC heap before
{Heap before GC invocations=35 (full 0):
 garbage-first heap   total 128000K, used 96239K [0x0000000080000000, 0x0000000100000000)
  region size 1024K, 25 young (25600K), 3 survivors (3072K)
 Metaspace       used 62381K, committed 63040K, reserved 1114112K
  class space    used 8560K, committed 8896K, reserved 1048576K
}

