# JRE version: OpenJDK Runtime Environment (17.0.11) (build 17.0.11+0--11852314)
# Java VM: OpenJDK 64-Bit Server VM (17.0.11+0--11852314, mixed mode, tiered, compressed oops, compressed class ptrs, g1 gc, windows-amd64)
GC Precious Log:
 CPUs: 8 total, 8 available
 Memory: 7502M
 Large Page Support: Disabled
 NUMA Support: Disabled
 Compressed Oops: Enabled (32-bit)
 Heap Region Size: 1M
 Heap Min Capacity: 8M
 Heap Initial Capacity: 118M
 Heap Max Capacity: 2G
 Pre-touch: Disabled
 Parallel Workers: 8
 Concurrent Workers: 2
 Concurrent Refinement Workers: 8
 Periodic GC: Disabled
Heap:
 garbage-first heap   total 367616K, used 244834K [0x0000000080000000, 0x0000000100000000)
  region size 1024K, 23 young (23552K), 2 survivors (2048K)
 Metaspace       used 184915K, committed 185984K, reserved 1245184K
  class space    used 23755K, committed 24256K, reserved 1048576K
GC Heap History (20 events):
Event: 41.744 GC heap before
{Heap before GC invocations=57 (full 0):
 garbage-first heap   total 324608K, used 198303K [0x0000000080000000, 0x0000000100000000)
  region size 1024K, 15 young (15360K), 6 survivors (6144K)
 Metaspace       used 159114K, committed 159936K, reserved 1245184K
  class space    used 20513K, committed 20864K, reserved 1048576K
}
Event: 41.764 GC heap after
{Heap after GC invocations=58 (full 0):
 garbage-first heap   total 324608K, used 183530K [0x0000000080000000, 0x0000000100000000)
  region size 1024K, 1 young (1024K), 1 survivors (1024K)
 Metaspace       used 159114K, committed 159936K, reserved 1245184K
  class space    used 20513K, committed 20864K, reserved 1048576K
}
Event: 43.393 GC heap before
{Heap before GC invocations=58 (full 0):
 garbage-first heap   total 324608K, used 265450K [0x0000000080000000, 0x0000000100000000)
  region size 1024K, 82 young (83968K), 1 survivors (1024K)
 Metaspace       used 159422K, committed 160192K, reserved 1245184K
  class space    used 20521K, committed 20864K, reserved 1048576K
}
Event: 43.397 GC heap after
{Heap after GC invocations=59 (full 0):
 garbage-first heap   total 324608K, used 185218K [0x0000000080000000, 0x0000000100000000)
  region size 1024K, 3 young (3072K), 3 survivors (3072K)
 Metaspace       used 159422K, committed 160192K, reserved 1245184K
  class space    used 20521K, committed 20864K, reserved 1048576K
}
Event: 44.428 GC heap before
{Heap before GC invocations=59 (full 0):
 garbage-first heap   total 324608K, used 236418K [0x0000000080000000, 0x0000000100000000)
  region size 1024K, 54 young (55296K), 3 survivors (3072K)
 Metaspace       used 159655K, committed 160448K, reserved 1245184K
  class space    used 20539K, committed 20864K, reserved 1048576K
}
Event: 44.440 GC heap after
{Heap after GC invocations=60 (full 0):
 garbage-first heap   total 324608K, used 191216K [0x0000000080000000, 0x0000000100000000)
  region size 1024K, 9 young (9216K), 9 survivors (9216K)
 Metaspace       used 159655K, committed 160448K, reserved 1245184K
  class space    used 20539K, committed 20864K, reserved 1048576K
}
Event: 45.080 GC heap before
{Heap before GC invocations=61 (full 0):
 garbage-first heap   total 367616K, used 268016K [0x0000000080000000, 0x0000000100000000)
  region size 1024K, 83 young (84992K), 9 survivors (9216K)
 Metaspace       used 159819K, committed 160640K, reserved 1245184K
  class space    used 20546K, committed 20928K, reserved 1048576K
}
Event: 45.127 GC heap after
{Heap after GC invocations=62 (full 0):
 garbage-first heap   total 367616K, used 197854K [0x0000000080000000, 0x0000000100000000)
  region size 1024K, 7 young (7168K), 7 survivors (7168K)
 Metaspace       used 159819K, committed 160640K, reserved 1245184K
  class space    used 20546K, committed 20928K, reserved 1048576K
}
Event: 45.345 GC heap before
{Heap before GC invocations=62 (full 0):
 garbage-first heap   total 367616K, used 207070K [0x0000000080000000, 0x0000000100000000)
  region size 1024K, 17 young (17408K), 7 survivors (7168K)
 Metaspace       used 160281K, committed 161088K, reserved 1245184K
  class space    used 20587K, committed 20928K, reserved 1048576K
}
Event: 45.367 GC heap after
{Heap after GC invocations=63 (full 0):
 garbage-first heap   total 367616K, used 196375K [0x0000000080000000, 0x0000000100000000)
  region size 1024K, 3 young (3072K), 3 survivors (3072K)
 Metaspace       used 160281K, committed 161088K, reserved 1245184K
  class space    used 20587K, committed 20928K, reserved 1048576K
}
Event: 48.276 GC heap before
{Heap before GC invocations=63 (full 0):
 garbage-first heap   total 367616K, used 295703K [0x0000000080000000, 0x0000000100000000)
  region size 1024K, 100 young (102400K), 3 survivors (3072K)
 Metaspace       used 167081K, committed 167936K, reserved 1245184K
  class space    used 21319K, committed 21696K, reserved 1048576K
}
Event: 48.288 GC heap after
{Heap after GC invocations=64 (full 0):
 garbage-first heap   total 367616K, used 201925K [0x0000000080000000, 0x0000000100000000)
  region size 1024K, 8 young (8192K), 8 survivors (8192K)
 Metaspace       used 167081K, committed 167936K, reserved 1245184K
  class space    used 21319K, committed 21696K, reserved 1048576K
}
Event: 50.568 GC heap before
{Heap before GC invocations=64 (full 0):
 garbage-first heap   total 367616K, used 299205K [0x0000000080000000, 0x0000000100000000)
  region size 1024K, 104 young (106496K), 8 survivors (8192K)
 Metaspace       used 173610K, committed 174528K, reserved 1245184K
  class space    used 22381K, committed 22784K, reserved 1048576K
}
Event: 50.593 GC heap after
{Heap after GC invocations=65 (full 0):
 garbage-first heap   total 367616K, used 201043K [0x0000000080000000, 0x0000000100000000)
  region size 1024K, 12 young (12288K), 12 survivors (12288K)
 Metaspace       used 173610K, committed 174528K, reserved 1245184K
  class space    used 22381K, committed 22784K, reserved 1048576K
}
Event: 50.704 GC heap before
{Heap before GC invocations=65 (full 0):
 garbage-first heap   total 367616K, used 206163K [0x0000000080000000, 0x0000000100000000)
  region size 1024K, 18 young (18432K), 12 survivors (12288K)
 Metaspace       used 173967K, committed 174848K, reserved 1245184K
  class space    used 22413K, committed 22784K, reserved 1048576K
}
Event: 50.724 GC heap after
{Heap after GC invocations=66 (full 0):
 garbage-first heap   total 367616K, used 203396K [0x0000000080000000, 0x0000000100000000)
  region size 1024K, 9 young (9216K), 9 survivors (9216K)
 Metaspace       used 173967K, committed 174848K, reserved 1245184K
  class space    used 22413K, committed 22784K, reserved 1048576K
}
Event: 52.352 GC heap before
{Heap before GC invocations=67 (full 0):
 garbage-first heap   total 367616K, used 296580K [0x0000000080000000, 0x0000000100000000)
  region size 1024K, 81 young (82944K), 9 survivors (9216K)
 Metaspace       used 181871K, committed 182784K, reserved 1245184K
  class space    used 23465K, committed 23872K, reserved 1048576K
}
Event: 52.373 GC heap after
{Heap after GC invocations=68 (full 0):
 garbage-first heap   total 367616K, used 224641K [0x0000000080000000, 0x0000000100000000)
  region size 1024K, 9 young (9216K), 9 survivors (9216K)
 Metaspace       used 181871K, committed 182784K, reserved 1245184K
  class space    used 23465K, committed 23872K, reserved 1048576K
}
Event: 52.734 GC heap before
{Heap before GC invocations=68 (full 0):
 garbage-first heap   total 367616K, used 232833K [0x0000000080000000, 0x0000000100000000)
  region size 1024K, 17 young (17408K), 9 survivors (9216K)
 Metaspace       used 182009K, committed 182912K, reserved 1245184K
  class space    used 23477K, committed 23872K, reserved 1048576K
}
Event: 52.756 GC heap after
{Heap after GC invocations=69 (full 0):
 garbage-first heap   total 367616K, used 223330K [0x0000000080000000, 0x0000000100000000)
  region size 1024K, 2 young (2048K), 2 survivors (2048K)
 Metaspace       used 182009K, committed 182912K, reserved 1245184K
  class space    used 23477K, committed 23872K, reserved 1048576K
}

